<?xml version="1.0" encoding="UTF-8"?>
<testng-results skipped="0" failed="0" ignored="0" total="1" passed="1">
  <reporter-output>
  </reporter-output>
  <suite name="Default suite" duration-ms="8052" started-at="2022-11-29T18:07:02 IST" finished-at="2022-11-29T18:07:10 IST">
    <groups>
    </groups>
    <test name="Default test" duration-ms="8052" started-at="2022-11-29T18:07:02 IST" finished-at="2022-11-29T18:07:10 IST">
      <class name="practice.CalenderPopUp">
        <test-method status="PASS" signature="calender()[pri:0, instance:practice.CalenderPopUp@1a1d6a08]" name="calender" duration-ms="8021" started-at="2022-11-29T18:07:02 IST" finished-at="2022-11-29T18:07:10 IST">
          <reporter-output>
          </reporter-output>
        </test-method> <!-- calender -->
      </class> <!-- practice.CalenderPopUp -->
    </test> <!-- Default test -->
  </suite> <!-- Default suite -->
</testng-results>
